<?xml version="1.0" encoding="UTF-8"?>
<!-- Generated by org.testng.reporters.JUnitReportReporter -->
<testsuite hostname="RC-PC" failures="0" tests="1" name="com.banking.testcases.Tc_Logintest_001" time="1.846" errors="0" timestamp="25 Aug 2020 06:25:01 GMT" skipped="0">
  <testcase classname="com.banking.testcases.Tc_Logintest_001" name="logintest" time="1.846"/>
</testsuite> <!-- com.banking.testcases.Tc_Logintest_001 -->
